2017-07-17 23:12:57,055  INFO Application:48 - Starting Application on sunpx-PC with PID 4068 (H:\spring-boot-list\psych\target\classes started by sunpx in H:\spring-boot-list\psych)
2017-07-17 23:12:57,077  INFO Application:666 - No active profile set, falling back to default profiles: default
2017-07-17 23:12:59,237  INFO AnnotationConfigEmbeddedWebApplicationContext:578 - Refreshing org.springframework.boot.context.embedded.AnnotationConfigEmbeddedWebApplicationContext@49438269: startup date [Mon Jul 17 23:12:59 CST 2017]; root of context hierarchy
2017-07-17 23:13:00,394  INFO Version:17 - HV000001: Hibernate Validator 5.2.2.Final
2017-07-17 23:13:01,543  INFO DynamicDataSourceRegister:70 - Dynamic DataSource Registry
2017-07-17 23:13:01,731  INFO DefaultListableBeanFactory:839 - Overriding bean definition for bean 'beanNameViewResolver' with a different definition: replacing [Root bean: class [null]; scope=; abstract=false; lazyInit=false; autowireMode=3; dependencyCheck=0; autowireCandidate=true; primary=false; factoryBeanName=org.springframework.boot.autoconfigure.web.ErrorMvcAutoConfiguration$WhitelabelErrorViewConfiguration; factoryMethodName=beanNameViewResolver; initMethodName=null; destroyMethodName=(inferred); defined in class path resource [org/springframework/boot/autoconfigure/web/ErrorMvcAutoConfiguration$WhitelabelErrorViewConfiguration.class]] with [Root bean: class [null]; scope=; abstract=false; lazyInit=false; autowireMode=3; dependencyCheck=0; autowireCandidate=true; primary=false; factoryBeanName=org.springframework.boot.autoconfigure.web.WebMvcAutoConfiguration$WebMvcAutoConfigurationAdapter; factoryMethodName=beanNameViewResolver; initMethodName=null; destroyMethodName=(inferred); defined in class path resource [org/springframework/boot/autoconfigure/web/WebMvcAutoConfiguration$WebMvcAutoConfigurationAdapter.class]]
2017-07-17 23:13:03,439  INFO PostProcessorRegistrationDelegate$BeanPostProcessorChecker:328 - Bean 'org.springframework.transaction.annotation.ProxyTransactionManagementConfiguration' of type [class org.springframework.transaction.annotation.ProxyTransactionManagementConfiguration$$EnhancerBySpringCGLIB$$f19920a] is not eligible for getting processed by all BeanPostProcessors (for example: not eligible for auto-proxying)
2017-07-17 23:13:05,435  INFO TomcatEmbeddedServletContainer:81 - Tomcat initialized with port(s): 8080 (http)
2017-07-17 23:13:05,550  INFO StandardService:180 - Starting service Tomcat
2017-07-17 23:13:05,569  INFO StandardEngine:180 - Starting Servlet Engine: Apache Tomcat/8.0.30
2017-07-17 23:13:05,955  INFO [/]:180 - Initializing Spring embedded WebApplicationContext
2017-07-17 23:13:05,955  INFO ContextLoader:272 - Root WebApplicationContext: initialization completed in 6748 ms
2017-07-17 23:13:07,325  INFO ServletRegistrationBean:189 - Mapping servlet: 'dispatcherServlet' to [/]
2017-07-17 23:13:07,365  INFO FilterRegistrationBean:258 - Mapping filter: 'characterEncodingFilter' to: [/*]
2017-07-17 23:13:07,365  INFO FilterRegistrationBean:258 - Mapping filter: 'hiddenHttpMethodFilter' to: [/*]
2017-07-17 23:13:07,366  INFO FilterRegistrationBean:258 - Mapping filter: 'httpPutFormContentFilter' to: [/*]
2017-07-17 23:13:07,367  INFO FilterRegistrationBean:258 - Mapping filter: 'requestContextFilter' to: [/*]
2017-07-17 23:13:08,922  INFO LocalContainerEntityManagerFactoryBean:339 - Building JPA container EntityManagerFactory for persistence unit 'default'
2017-07-17 23:13:08,957  INFO LogHelper:46 - HHH000204: Processing PersistenceUnitInfo [
	name: default
	...]
2017-07-17 23:13:09,195  INFO Version:54 - HHH000412: Hibernate Core {4.3.11.Final}
2017-07-17 23:13:09,198  INFO Environment:239 - HHH000206: hibernate.properties not found
2017-07-17 23:13:09,200  INFO Environment:346 - HHH000021: Bytecode provider name : javassist
2017-07-17 23:13:09,768  INFO Version:66 - HCANN000001: Hibernate Commons Annotations {4.0.5.Final}
2017-07-17 23:13:10,012  INFO Dialect:145 - HHH000400: Using dialect: org.hibernate.dialect.MySQL5Dialect
2017-07-17 23:13:10,225  INFO ASTQueryTranslatorFactory:47 - HHH000397: Using ASTQueryTranslatorFactory
2017-07-17 23:13:12,546  INFO RequestMappingHandlerAdapter:532 - Looking for @ControllerAdvice: org.springframework.boot.context.embedded.AnnotationConfigEmbeddedWebApplicationContext@49438269: startup date [Mon Jul 17 23:12:59 CST 2017]; root of context hierarchy
2017-07-17 23:13:12,731  INFO RequestMappingHandlerMapping:527 - Mapped "{[/]}" onto public java.lang.String com.zg.core.controller.PublicController.index(org.springframework.ui.ModelMap)
2017-07-17 23:13:12,732  INFO RequestMappingHandlerMapping:527 - Mapped "{[/loginForm]}" onto public org.springframework.web.servlet.ModelAndView com.zg.core.controller.PublicController.toLoginForm(javax.servlet.http.HttpServletRequest,javax.servlet.http.HttpServletResponse)
2017-07-17 23:13:12,733  INFO RequestMappingHandlerMapping:527 - Mapped "{[/article]}" onto public java.lang.String com.zg.psych.controller.HelloController.article(org.springframework.ui.ModelMap)
2017-07-17 23:13:12,734  INFO RequestMappingHandlerMapping:527 - Mapped "{[/home]}" onto public java.lang.String com.zg.psych.controller.HelloController.home(org.springframework.ui.ModelMap)
2017-07-17 23:13:12,738  INFO RequestMappingHandlerMapping:527 - Mapped "{[/error]}" onto public org.springframework.http.ResponseEntity<java.util.Map<java.lang.String, java.lang.Object>> org.springframework.boot.autoconfigure.web.BasicErrorController.error(javax.servlet.http.HttpServletRequest)
2017-07-17 23:13:12,739  INFO RequestMappingHandlerMapping:527 - Mapped "{[/error],produces=[text/html]}" onto public org.springframework.web.servlet.ModelAndView org.springframework.boot.autoconfigure.web.BasicErrorController.errorHtml(javax.servlet.http.HttpServletRequest,javax.servlet.http.HttpServletResponse)
2017-07-17 23:13:12,846  INFO SimpleUrlHandlerMapping:341 - Mapped URL path [/webjars/**] onto handler of type [class org.springframework.web.servlet.resource.ResourceHttpRequestHandler]
2017-07-17 23:13:12,846  INFO SimpleUrlHandlerMapping:341 - Mapped URL path [/**] onto handler of type [class org.springframework.web.servlet.resource.ResourceHttpRequestHandler]
2017-07-17 23:13:12,939  INFO SimpleUrlHandlerMapping:341 - Mapped URL path [/**/favicon.ico] onto handler of type [class org.springframework.web.servlet.resource.ResourceHttpRequestHandler]
2017-07-17 23:13:15,217  INFO AnnotationMBeanExporter:431 - Registering beans for JMX exposure on startup
2017-07-17 23:13:15,302  INFO Http11NioProtocol:180 - Initializing ProtocolHandler ["http-nio-8080"]
2017-07-17 23:13:15,340  INFO Http11NioProtocol:180 - Starting ProtocolHandler ["http-nio-8080"]
2017-07-17 23:13:15,421  INFO NioSelectorPool:180 - Using a shared selector for servlet write/read
2017-07-17 23:13:15,467  INFO TomcatEmbeddedServletContainer:162 - Tomcat started on port(s): 8080 (http)
2017-07-17 23:13:15,481  INFO Application:57 - Started Application in 20.397 seconds (JVM running for 24.808)
2017-07-17 23:14:01,359  INFO [/]:180 - Initializing Spring FrameworkServlet 'dispatcherServlet'
2017-07-17 23:14:01,359  INFO DispatcherServlet:489 - FrameworkServlet 'dispatcherServlet': initialization started
2017-07-17 23:14:01,414  INFO DispatcherServlet:508 - FrameworkServlet 'dispatcherServlet': initialization completed in 55 ms
2017-07-17 23:14:01,568  INFO TemplateEngine:825 - [THYMELEAF] INITIALIZING TEMPLATE ENGINE
2017-07-17 23:14:01,639  INFO AbstractTemplateResolver:99 - [THYMELEAF] INITIALIZING TEMPLATE RESOLVER: org.thymeleaf.templateresolver.TemplateResolver
2017-07-17 23:14:01,639  INFO AbstractTemplateResolver:110 - [THYMELEAF] TEMPLATE RESOLVER INITIALIZED OK
2017-07-17 23:14:01,639  INFO AbstractMessageResolver:72 - [THYMELEAF] INITIALIZING MESSAGE RESOLVER: org.thymeleaf.spring4.messageresolver.SpringMessageResolver
2017-07-17 23:14:01,640  INFO AbstractMessageResolver:78 - [THYMELEAF] MESSAGE RESOLVER INITIALIZED OK
2017-07-17 23:14:01,646  INFO CONFIG:123 - [THYMELEAF] TEMPLATE ENGINE CONFIGURATION:
[THYMELEAF] * Cache Factory implementation: org.thymeleaf.cache.StandardCacheManager
[THYMELEAF] * Template modes:
[THYMELEAF]     * VALIDXML
[THYMELEAF]     * VALIDXHTML
[THYMELEAF]     * XHTML
[THYMELEAF]     * LEGACYHTML5
[THYMELEAF]     * HTML5
[THYMELEAF]     * XML
[THYMELEAF] * Template resolvers (in order):
[THYMELEAF]     * org.thymeleaf.templateresolver.TemplateResolver
[THYMELEAF] * Message resolvers (in order):
[THYMELEAF]     * org.thymeleaf.spring4.messageresolver.SpringMessageResolver
[THYMELEAF] * Dialect [1 of 2]: org.thymeleaf.spring4.dialect.SpringStandardDialect
[THYMELEAF]     * Prefix: "th"
[THYMELEAF] * Dialect [2 of 2]: nz.net.ultraq.thymeleaf.LayoutDialect
[THYMELEAF]     * Prefix: "layout"
[THYMELEAF] TEMPLATE ENGINE CONFIGURED OK
2017-07-17 23:14:01,646  INFO TemplateEngine:838 - [THYMELEAF] TEMPLATE ENGINE INITIALIZED
2017-07-17 23:39:30,520  INFO Application:48 - Starting Application on sunpx-PC with PID 4380 (H:\spring-boot-list\psych\target\classes started by sunpx in H:\spring-boot-list\psych)
2017-07-17 23:39:30,524  INFO Application:666 - No active profile set, falling back to default profiles: default
2017-07-17 23:39:31,014  INFO AnnotationConfigEmbeddedWebApplicationContext:578 - Refreshing org.springframework.boot.context.embedded.AnnotationConfigEmbeddedWebApplicationContext@6d3a388c: startup date [Mon Jul 17 23:39:31 CST 2017]; root of context hierarchy
2017-07-17 23:39:31,056  INFO Version:17 - HV000001: Hibernate Validator 5.2.2.Final
2017-07-17 23:39:32,283  INFO DynamicDataSourceRegister:70 - Dynamic DataSource Registry
2017-07-17 23:39:32,383  INFO DefaultListableBeanFactory:839 - Overriding bean definition for bean 'beanNameViewResolver' with a different definition: replacing [Root bean: class [null]; scope=; abstract=false; lazyInit=false; autowireMode=3; dependencyCheck=0; autowireCandidate=true; primary=false; factoryBeanName=org.springframework.boot.autoconfigure.web.ErrorMvcAutoConfiguration$WhitelabelErrorViewConfiguration; factoryMethodName=beanNameViewResolver; initMethodName=null; destroyMethodName=(inferred); defined in class path resource [org/springframework/boot/autoconfigure/web/ErrorMvcAutoConfiguration$WhitelabelErrorViewConfiguration.class]] with [Root bean: class [null]; scope=; abstract=false; lazyInit=false; autowireMode=3; dependencyCheck=0; autowireCandidate=true; primary=false; factoryBeanName=org.springframework.boot.autoconfigure.web.WebMvcAutoConfiguration$WebMvcAutoConfigurationAdapter; factoryMethodName=beanNameViewResolver; initMethodName=null; destroyMethodName=(inferred); defined in class path resource [org/springframework/boot/autoconfigure/web/WebMvcAutoConfiguration$WebMvcAutoConfigurationAdapter.class]]
2017-07-17 23:39:33,273  INFO PostProcessorRegistrationDelegate$BeanPostProcessorChecker:328 - Bean 'org.springframework.transaction.annotation.ProxyTransactionManagementConfiguration' of type [class org.springframework.transaction.annotation.ProxyTransactionManagementConfiguration$$EnhancerBySpringCGLIB$$7470c557] is not eligible for getting processed by all BeanPostProcessors (for example: not eligible for auto-proxying)
2017-07-17 23:39:34,479  INFO TomcatEmbeddedServletContainer:81 - Tomcat initialized with port(s): 8080 (http)
2017-07-17 23:39:34,497  INFO StandardService:180 - Starting service Tomcat
2017-07-17 23:39:34,499  INFO StandardEngine:180 - Starting Servlet Engine: Apache Tomcat/8.0.30
2017-07-17 23:39:34,703  INFO [/]:180 - Initializing Spring embedded WebApplicationContext
2017-07-17 23:39:34,703  INFO ContextLoader:272 - Root WebApplicationContext: initialization completed in 3694 ms
2017-07-17 23:39:35,993  INFO ServletRegistrationBean:189 - Mapping servlet: 'dispatcherServlet' to [/]
2017-07-17 23:39:36,001  INFO FilterRegistrationBean:258 - Mapping filter: 'characterEncodingFilter' to: [/*]
2017-07-17 23:39:36,001  INFO FilterRegistrationBean:258 - Mapping filter: 'hiddenHttpMethodFilter' to: [/*]
2017-07-17 23:39:36,002  INFO FilterRegistrationBean:258 - Mapping filter: 'httpPutFormContentFilter' to: [/*]
2017-07-17 23:39:36,003  INFO FilterRegistrationBean:258 - Mapping filter: 'requestContextFilter' to: [/*]
2017-07-17 23:39:36,752  INFO LocalContainerEntityManagerFactoryBean:339 - Building JPA container EntityManagerFactory for persistence unit 'default'
2017-07-17 23:39:36,775  INFO LogHelper:46 - HHH000204: Processing PersistenceUnitInfo [
	name: default
	...]
2017-07-17 23:39:36,924  INFO Version:54 - HHH000412: Hibernate Core {4.3.11.Final}
2017-07-17 23:39:36,927  INFO Environment:239 - HHH000206: hibernate.properties not found
2017-07-17 23:39:36,930  INFO Environment:346 - HHH000021: Bytecode provider name : javassist
2017-07-17 23:39:37,442  INFO Version:66 - HCANN000001: Hibernate Commons Annotations {4.0.5.Final}
2017-07-17 23:39:37,500  INFO Dialect:145 - HHH000400: Using dialect: org.hibernate.dialect.MySQL5Dialect
2017-07-17 23:39:37,625  INFO ASTQueryTranslatorFactory:47 - HHH000397: Using ASTQueryTranslatorFactory
2017-07-17 23:39:39,340  INFO RequestMappingHandlerAdapter:532 - Looking for @ControllerAdvice: org.springframework.boot.context.embedded.AnnotationConfigEmbeddedWebApplicationContext@6d3a388c: startup date [Mon Jul 17 23:39:31 CST 2017]; root of context hierarchy
2017-07-17 23:39:39,514  INFO RequestMappingHandlerMapping:527 - Mapped "{[/]}" onto public java.lang.String com.zg.core.controller.PublicController.index(org.springframework.ui.ModelMap)
2017-07-17 23:39:39,515  INFO RequestMappingHandlerMapping:527 - Mapped "{[/loginForm]}" onto public org.springframework.web.servlet.ModelAndView com.zg.core.controller.PublicController.toLoginForm(javax.servlet.http.HttpServletRequest,javax.servlet.http.HttpServletResponse)
2017-07-17 23:39:39,516  INFO RequestMappingHandlerMapping:527 - Mapped "{[/logout]}" onto public org.springframework.web.servlet.ModelAndView com.zg.core.controller.PublicController.toLogout(javax.servlet.http.HttpServletRequest,javax.servlet.http.HttpServletResponse)
2017-07-17 23:39:39,518  INFO RequestMappingHandlerMapping:527 - Mapped "{[/home]}" onto public java.lang.String com.zg.psych.controller.HelloController.home(org.springframework.ui.ModelMap)
2017-07-17 23:39:39,518  INFO RequestMappingHandlerMapping:527 - Mapped "{[/article]}" onto public java.lang.String com.zg.psych.controller.HelloController.article(org.springframework.ui.ModelMap)
2017-07-17 23:39:39,523  INFO RequestMappingHandlerMapping:527 - Mapped "{[/error]}" onto public org.springframework.http.ResponseEntity<java.util.Map<java.lang.String, java.lang.Object>> org.springframework.boot.autoconfigure.web.BasicErrorController.error(javax.servlet.http.HttpServletRequest)
2017-07-17 23:39:39,524  INFO RequestMappingHandlerMapping:527 - Mapped "{[/error],produces=[text/html]}" onto public org.springframework.web.servlet.ModelAndView org.springframework.boot.autoconfigure.web.BasicErrorController.errorHtml(javax.servlet.http.HttpServletRequest,javax.servlet.http.HttpServletResponse)
2017-07-17 23:39:39,623  INFO SimpleUrlHandlerMapping:341 - Mapped URL path [/webjars/**] onto handler of type [class org.springframework.web.servlet.resource.ResourceHttpRequestHandler]
2017-07-17 23:39:39,624  INFO SimpleUrlHandlerMapping:341 - Mapped URL path [/**] onto handler of type [class org.springframework.web.servlet.resource.ResourceHttpRequestHandler]
2017-07-17 23:39:39,721  INFO SimpleUrlHandlerMapping:341 - Mapped URL path [/**/favicon.ico] onto handler of type [class org.springframework.web.servlet.resource.ResourceHttpRequestHandler]
2017-07-17 23:39:41,146  INFO AnnotationMBeanExporter:431 - Registering beans for JMX exposure on startup
2017-07-17 23:39:41,190  INFO Http11NioProtocol:180 - Initializing ProtocolHandler ["http-nio-8080"]
2017-07-17 23:39:41,201  INFO Http11NioProtocol:180 - Starting ProtocolHandler ["http-nio-8080"]
2017-07-17 23:39:41,217  INFO NioSelectorPool:180 - Using a shared selector for servlet write/read
2017-07-17 23:39:41,248  INFO TomcatEmbeddedServletContainer:162 - Tomcat started on port(s): 8080 (http)
2017-07-17 23:39:41,255  INFO Application:57 - Started Application in 11.361 seconds (JVM running for 11.95)
2017-07-17 23:40:08,052  INFO [/]:180 - Initializing Spring FrameworkServlet 'dispatcherServlet'
2017-07-17 23:40:08,052  INFO DispatcherServlet:489 - FrameworkServlet 'dispatcherServlet': initialization started
2017-07-17 23:40:08,090  INFO DispatcherServlet:508 - FrameworkServlet 'dispatcherServlet': initialization completed in 37 ms
2017-07-17 23:40:08,181  INFO TemplateEngine:825 - [THYMELEAF] INITIALIZING TEMPLATE ENGINE
2017-07-17 23:40:08,245  INFO AbstractTemplateResolver:99 - [THYMELEAF] INITIALIZING TEMPLATE RESOLVER: org.thymeleaf.templateresolver.TemplateResolver
2017-07-17 23:40:08,246  INFO AbstractTemplateResolver:110 - [THYMELEAF] TEMPLATE RESOLVER INITIALIZED OK
2017-07-17 23:40:08,247  INFO AbstractMessageResolver:72 - [THYMELEAF] INITIALIZING MESSAGE RESOLVER: org.thymeleaf.spring4.messageresolver.SpringMessageResolver
2017-07-17 23:40:08,247  INFO AbstractMessageResolver:78 - [THYMELEAF] MESSAGE RESOLVER INITIALIZED OK
2017-07-17 23:40:08,254  INFO CONFIG:123 - [THYMELEAF] TEMPLATE ENGINE CONFIGURATION:
[THYMELEAF] * Cache Factory implementation: org.thymeleaf.cache.StandardCacheManager
[THYMELEAF] * Template modes:
[THYMELEAF]     * XHTML
[THYMELEAF]     * VALIDXHTML
[THYMELEAF]     * HTML5
[THYMELEAF]     * LEGACYHTML5
[THYMELEAF]     * XML
[THYMELEAF]     * VALIDXML
[THYMELEAF] * Template resolvers (in order):
[THYMELEAF]     * org.thymeleaf.templateresolver.TemplateResolver
[THYMELEAF] * Message resolvers (in order):
[THYMELEAF]     * org.thymeleaf.spring4.messageresolver.SpringMessageResolver
[THYMELEAF] * Dialect [1 of 2]: org.thymeleaf.spring4.dialect.SpringStandardDialect
[THYMELEAF]     * Prefix: "th"
[THYMELEAF] * Dialect [2 of 2]: nz.net.ultraq.thymeleaf.LayoutDialect
[THYMELEAF]     * Prefix: "layout"
[THYMELEAF] TEMPLATE ENGINE CONFIGURED OK
2017-07-17 23:40:08,254  INFO TemplateEngine:838 - [THYMELEAF] TEMPLATE ENGINE INITIALIZED
2017-07-17 23:40:08,305 ERROR TemplateEngine:1085 - [THYMELEAF][http-nio-8080-exec-1] Exception processing template "amdin/login": Error resolving template "amdin/login", template might not exist or might not be accessible by any of the configured Template Resolvers
2017-07-17 23:40:08,312 ERROR [dispatcherServlet]:182 - Servlet.service() for servlet [dispatcherServlet] in context with path [] threw exception [Request processing failed; nested exception is org.thymeleaf.exceptions.TemplateInputException: Error resolving template "amdin/login", template might not exist or might not be accessible by any of the configured Template Resolvers] with root cause
org.thymeleaf.exceptions.TemplateInputException: Error resolving template "amdin/login", template might not exist or might not be accessible by any of the configured Template Resolvers
	at org.thymeleaf.TemplateRepository.getTemplate(TemplateRepository.java:246)
	at org.thymeleaf.TemplateEngine.process(TemplateEngine.java:1104)
	at org.thymeleaf.TemplateEngine.process(TemplateEngine.java:1060)
	at org.thymeleaf.TemplateEngine.process(TemplateEngine.java:1011)
	at org.thymeleaf.spring4.view.ThymeleafView.renderFragment(ThymeleafView.java:335)
	at org.thymeleaf.spring4.view.ThymeleafView.render(ThymeleafView.java:190)
	at org.springframework.web.servlet.DispatcherServlet.render(DispatcherServlet.java:1243)
	at org.springframework.web.servlet.DispatcherServlet.processDispatchResult(DispatcherServlet.java:1027)
	at org.springframework.web.servlet.DispatcherServlet.doDispatch(DispatcherServlet.java:971)
	at org.springframework.web.servlet.DispatcherServlet.doService(DispatcherServlet.java:893)
	at org.springframework.web.servlet.FrameworkServlet.processRequest(FrameworkServlet.java:969)
	at org.springframework.web.servlet.FrameworkServlet.doGet(FrameworkServlet.java:860)
	at javax.servlet.http.HttpServlet.service(HttpServlet.java:622)
	at org.springframework.web.servlet.FrameworkServlet.service(FrameworkServlet.java:845)
	at javax.servlet.http.HttpServlet.service(HttpServlet.java:729)
	at org.apache.catalina.core.ApplicationFilterChain.internalDoFilter(ApplicationFilterChain.java:291)
	at org.apache.catalina.core.ApplicationFilterChain.doFilter(ApplicationFilterChain.java:206)
	at org.apache.tomcat.websocket.server.WsFilter.doFilter(WsFilter.java:52)
	at org.apache.catalina.core.ApplicationFilterChain.internalDoFilter(ApplicationFilterChain.java:239)
	at org.apache.catalina.core.ApplicationFilterChain.doFilter(ApplicationFilterChain.java:206)
	at org.springframework.web.filter.RequestContextFilter.doFilterInternal(RequestContextFilter.java:99)
	at org.springframework.web.filter.OncePerRequestFilter.doFilter(OncePerRequestFilter.java:107)
	at org.apache.catalina.core.ApplicationFilterChain.internalDoFilter(ApplicationFilterChain.java:239)
	at org.apache.catalina.core.ApplicationFilterChain.doFilter(ApplicationFilterChain.java:206)
	at org.springframework.web.filter.HttpPutFormContentFilter.doFilterInternal(HttpPutFormContentFilter.java:87)
	at org.springframework.web.filter.OncePerRequestFilter.doFilter(OncePerRequestFilter.java:107)
	at org.apache.catalina.core.ApplicationFilterChain.internalDoFilter(ApplicationFilterChain.java:239)
	at org.apache.catalina.core.ApplicationFilterChain.doFilter(ApplicationFilterChain.java:206)
	at org.springframework.web.filter.HiddenHttpMethodFilter.doFilterInternal(HiddenHttpMethodFilter.java:77)
	at org.springframework.web.filter.OncePerRequestFilter.doFilter(OncePerRequestFilter.java:107)
	at org.apache.catalina.core.ApplicationFilterChain.internalDoFilter(ApplicationFilterChain.java:239)
	at org.apache.catalina.core.ApplicationFilterChain.doFilter(ApplicationFilterChain.java:206)
	at org.springframework.web.filter.CharacterEncodingFilter.doFilterInternal(CharacterEncodingFilter.java:121)
	at org.springframework.web.filter.OncePerRequestFilter.doFilter(OncePerRequestFilter.java:107)
	at org.apache.catalina.core.ApplicationFilterChain.internalDoFilter(ApplicationFilterChain.java:239)
	at org.apache.catalina.core.ApplicationFilterChain.doFilter(ApplicationFilterChain.java:206)
	at org.apache.catalina.core.StandardWrapperValve.invoke(StandardWrapperValve.java:212)
	at org.apache.catalina.core.StandardContextValve.invoke(StandardContextValve.java:106)
	at org.apache.catalina.authenticator.AuthenticatorBase.invoke(AuthenticatorBase.java:502)
	at org.apache.catalina.core.StandardHostValve.invoke(StandardHostValve.java:141)
	at org.apache.catalina.valves.ErrorReportValve.invoke(ErrorReportValve.java:79)
	at org.apache.catalina.core.StandardEngineValve.invoke(StandardEngineValve.java:88)
	at org.apache.catalina.connector.CoyoteAdapter.service(CoyoteAdapter.java:521)
	at org.apache.coyote.http11.AbstractHttp11Processor.process(AbstractHttp11Processor.java:1096)
	at org.apache.coyote.AbstractProtocol$AbstractConnectionHandler.process(AbstractProtocol.java:674)
	at org.apache.tomcat.util.net.NioEndpoint$SocketProcessor.doRun(NioEndpoint.java:1500)
	at org.apache.tomcat.util.net.NioEndpoint$SocketProcessor.run(NioEndpoint.java:1456)
	at java.util.concurrent.ThreadPoolExecutor.runWorker(ThreadPoolExecutor.java:1142)
	at java.util.concurrent.ThreadPoolExecutor$Worker.run(ThreadPoolExecutor.java:617)
	at org.apache.tomcat.util.threads.TaskThread$WrappingRunnable.run(TaskThread.java:61)
	at java.lang.Thread.run(Thread.java:745)
